[22:31:39] [main/INFO] (Launcher) ModLauncher running: args [--launchTarget, forgeclientuserdev, --version, 21.0.42-beta, --assetIndex, 1.21-17, --assetsDir, C:\Users\noide\.gradle\caches\fabric-loom\assets, --gameDir, ., --fml.neoForgeVersion, 21.0.42-beta, --fml.fmlVersion, 4.0.6, --fml.mcVersion, 1.21, --fml.neoFormVersion, 20240613.152323]
[22:31:39] [main/INFO] (Launcher) JVM identified as Eclipse Adoptium OpenJDK 64-Bit Server VM 21.0.3+9-LTS
[22:31:39] [main/INFO] (Launcher) ModLauncher 11.0.3+main.0f24dec3 starting: java version 21.0.3 by Eclipse Adoptium; OS Windows 10 arch amd64 version 10.0
[22:31:39] [main/WARN] (FMLConfig) Configuration file D:\bandits mod development\flash_flood_arch\neoforge\run\config\fml.toml is not correct. Correcting
[22:31:39] [main/INFO] (FMLConfig) Incorrect key [disableConfigWatcher] was corrected from null to false
[22:31:39] [main/INFO] (FMLConfig) Incorrect key [earlyWindowSkipGLVersions] was corrected from null to []
[22:31:39] [main/INFO] (FMLConfig) Incorrect key [earlyWindowSquir] was corrected from null to false
[22:31:39] [main/INFO] (ImmediateWindowHandler) Loading ImmediateWindowProvider fmlearlywindow
[22:31:39] [main/INFO] (EARLYDISPLAY) Trying GL version 4.6
[22:31:39] [main/INFO] (EARLYDISPLAY) Requested GL version 4.6 got version 4.6
[22:31:39] [main/INFO] (mixin) SpongePowered MIXIN Subsystem Version=0.8.5 Source=union:/C:/Users/noide/.gradle/caches/modules-2/files-2.1/net.fabricmc/sponge-mixin/0.13.4+mixin.0.8.5/8adf0cff1795a169141b9e16ad7b9f6e2527a990/sponge-mixin-0.13.4+mixin.0.8.5.jar%23123!/ Service=ModLauncher Env=CLIENT
[22:31:39] [main/INFO] (ModDiscoverer) Found mod file "neoforge-21.0.42-beta-minecraft-merged-1.21-loom.mappings.1_21.layered+hash.40359-v2-neoforge-21.0.42-beta.jar" [locator: neoforge devenv provider ([C:\Users\noide\.gradle\caches\fabric-loom\minecraftMaven\net\minecraft\neoforge-21.0.42-beta-minecraft-merged\1.21-loom.mappings.1_21.layered+hash.40359-v2-neoforge-21.0.42-beta\neoforge-21.0.42-beta-minecraft-merged-1.21-loom.mappings.1_21.layered+hash.40359-v2-neoforge-21.0.42-beta.jar])]
[22:31:39] [main/INFO] (ModDiscoverer) Found mod file "neoforge-21.0.42-beta-minecraft-merged-1.21-loom.mappings.1_21.layered+hash.40359-v2-neoforge-21.0.42-beta.jar" [locator: neoforge devenv provider ([C:\Users\noide\.gradle\caches\fabric-loom\minecraftMaven\net\minecraft\neoforge-21.0.42-beta-minecraft-merged\1.21-loom.mappings.1_21.layered+hash.40359-v2-neoforge-21.0.42-beta\neoforge-21.0.42-beta-minecraft-merged-1.21-loom.mappings.1_21.layered+hash.40359-v2-neoforge-21.0.42-beta.jar])]
[22:31:39] [main/INFO] (ModDiscoverer) Found mod file "main" [locator: userdev mods and services, reader: mod manifest]
[22:31:39] [main/INFO] (ModDiscoverer) Found mod file "neoforge-21.0.42-beta-minecraft-merged-1.21-loom.mappings.1_21.layered+hash.40359-v2-neoforge-21.0.42-beta.jar" [locator: userdev mods and services, reader: mod manifest]
[22:31:39] [main/INFO] (ModDiscoverer) Found mod file "architectury-neoforge-13.0.2.jar" [locator: userdev mods and services, reader: mod manifest]
[22:31:39] [main/INFO] (ModDiscoverer) Found mod file "12019990764811702930.jar" [locator: userdev mods and services, reader: mod manifest]
[22:31:39] [pool-5-thread-1/INFO] (EARLYDISPLAY) GL info: NVIDIA GeForce RTX 3070 Ti/PCIe/SSE2 GL version 4.6.0 NVIDIA 555.85, NVIDIA Corporation
[22:31:39] [main/INFO] (ModDiscoverer) Found gamelibrary file "mixinextras-neoforge-0.3.5.jar" [locator: userdev mods and services, reader: mod manifest]
[22:31:39] [main/WARN] (JarSelector) Attempted to select a dependency jar for JarJar which was passed in as source: mixinextras-neoforge-0.3.5.jar. Using Mod File: C:\Users\noide\.gradle\caches\modules-2\files-2.1\io.github.llamalad7\mixinextras-neoforge\0.3.5\ef3ffcf309dae656517b2f120189b1c9b21737dd\mixinextras-neoforge-0.3.5.jar
[22:31:39] [main/INFO] (JarInJarDependencyLocator) No dependencies to load found. Skipping!
[22:31:40] [main/INFO] (FMLServiceProvider) Loading coremod script-engine for [neoforge]
[22:31:40] [main/INFO] (mixin) Compatibility level set to JAVA_21
[22:31:40] [main/INFO] (LaunchServiceHandler) Launching target 'forgeclientuserdev' with arguments [--version, 21.0.42-beta, --gameDir, ., --assetsDir, C:\Users\noide\.gradle\caches\fabric-loom\assets, --assetIndex, 1.21-17]
[22:31:40] [main/INFO] (unprotect) Found 8254 Minecraft classes
[22:31:41] [main/INFO] (MixinExtras|Service) Initializing MixinExtras via com.llamalad7.mixinextras.service.MixinExtrasServiceImpl(version=0.3.5).
[09Aug2024 22:31:42.249] [Datafixer Bootstrap/INFO] [com.mojang.datafixers.DataFixerBuilder/]: 229 Datafixer optimizations took 301 milliseconds
[09Aug2024 22:31:46.002] [main/WARN] [net.minecraft.commands.Commands/]: Ambiguity between arguments [teleport, location] and [teleport, destination] with inputs: [0.1 -0.5 .9, 0 0 0]
[09Aug2024 22:31:46.003] [main/WARN] [net.minecraft.commands.Commands/]: Ambiguity between arguments [teleport, location] and [teleport, targets] with inputs: [0.1 -0.5 .9, 0 0 0]
[09Aug2024 22:31:46.005] [main/WARN] [net.minecraft.commands.Commands/]: Ambiguity between arguments [teleport, destination] and [teleport, targets] with inputs: [Player, 0123, @e, dd12be42-52a9-4a91-a8a1-11c01849e498]
[09Aug2024 22:31:46.005] [main/WARN] [net.minecraft.commands.Commands/]: Ambiguity between arguments [teleport, targets] and [teleport, destination] with inputs: [Player, 0123, dd12be42-52a9-4a91-a8a1-11c01849e498]
[09Aug2024 22:31:46.006] [main/WARN] [net.minecraft.commands.Commands/]: Ambiguity between arguments [teleport, targets, location] and [teleport, targets, destination] with inputs: [0.1 -0.5 .9, 0 0 0]
[09Aug2024 22:31:46.110] [Render thread/WARN] [net.minecraft.server.packs.VanillaPackResourcesBuilder/]: Assets URL 'union:/C:/Users/noide/.gradle/caches/fabric-loom/minecraftMaven/net/minecraft/neoforge-21.0.42-beta-minecraft-merged/1.21-loom.mappings.1_21.layered+hash.40359-v2-neoforge-21.0.42-beta/neoforge-21.0.42-beta-minecraft-merged-1.21-loom.mappings.1_21.layered+hash.40359-v2-neoforge-21.0.42-beta.jar%23192!/assets/.mcassetsroot' uses unexpected schema
[09Aug2024 22:31:46.110] [Render thread/WARN] [net.minecraft.server.packs.VanillaPackResourcesBuilder/]: Assets URL 'union:/C:/Users/noide/.gradle/caches/fabric-loom/minecraftMaven/net/minecraft/neoforge-21.0.42-beta-minecraft-merged/1.21-loom.mappings.1_21.layered+hash.40359-v2-neoforge-21.0.42-beta/neoforge-21.0.42-beta-minecraft-merged-1.21-loom.mappings.1_21.layered+hash.40359-v2-neoforge-21.0.42-beta.jar%23192!/data/.mcassetsroot' uses unexpected schema
[09Aug2024 22:31:46.131] [Render thread/INFO] [com.mojang.authlib.yggdrasil.YggdrasilAuthenticationService/]: Environment: Environment[sessionHost=https://sessionserver.mojang.com, servicesHost=https://api.minecraftservices.com, name=PROD]
[09Aug2024 22:31:46.137] [Render thread/INFO] [net.minecraft.client.Minecraft/]: Setting user: Dev
[09Aug2024 22:31:46.188] [Render thread/INFO] [net.minecraft.client.Minecraft/]: Backend library: LWJGL version 3.3.3+5
[09Aug2024 22:31:46.364] [modloading-worker-0/INFO] [net.neoforged.neoforge.common.NeoForgeMod/NEOFORGE-MOD]: NeoForge mod loading, version 21.0.42-beta, for MC 1.21
[09Aug2024 22:31:46.992] [Render thread/INFO] [net.neoforged.neoforge.gametest.GameTestHooks/]: Enabled Gametest Namespaces: []
[09Aug2024 22:31:47.076] [Render thread/INFO] [net.minecraft.server.packs.resources.ReloadableResourceManager/]: Reloading ResourceManager: vanilla, mod_resources, mod/architectury, mod/flash_flood, mod/generated_d077e3b, mod/neoforge
[09Aug2024 22:31:47.146] [Worker-Main-22/INFO] [net.minecraft.client.gui.font.providers.UnihexProvider/]: Found unifont_jp_patch-15.1.05.hex, loading
[09Aug2024 22:31:47.146] [Worker-Main-13/INFO] [net.minecraft.client.gui.font.providers.UnihexProvider/]: Found unifont_all_no_pua-15.1.05.hex, loading
[09Aug2024 22:31:47.169] [Render thread/WARN] [net.neoforged.neoforge.common.ModConfigSpec/CORE]: Configuration file D:\bandits mod development\flash_flood_arch\neoforge\run\config\neoforge-client.toml is not correct. Correcting
[09Aug2024 22:31:47.172] [Render thread/WARN] [net.neoforged.neoforge.common.ModConfigSpec/CORE]: Incorrect key client was corrected from null to its default, SimpleCommentedConfig:{}. 
[09Aug2024 22:31:47.173] [Render thread/WARN] [net.neoforged.neoforge.common.ModConfigSpec/CORE]: Incorrect key client.experimentalForgeLightPipelineEnabled was corrected from null to its default, false. 
[09Aug2024 22:31:47.174] [Render thread/WARN] [net.neoforged.neoforge.common.ModConfigSpec/CORE]: Incorrect key client.showLoadWarnings was corrected from null to its default, true. 
[09Aug2024 22:31:47.174] [Render thread/WARN] [net.neoforged.neoforge.common.ModConfigSpec/CORE]: Incorrect key client.useCombinedDepthStencilAttachment was corrected from null to its default, false. 
[09Aug2024 22:31:47.182] [Render thread/WARN] [net.neoforged.neoforge.common.ModConfigSpec/CORE]: Configuration file D:\bandits mod development\flash_flood_arch\neoforge\run\config\neoforge-common.toml is not correct. Correcting
[09Aug2024 22:31:47.183] [Render thread/WARN] [net.neoforged.neoforge.common.ModConfigSpec/CORE]: Incorrect key general was corrected from null to its default, SimpleCommentedConfig:{}. 
[09Aug2024 22:31:47.183] [Render thread/WARN] [net.neoforged.neoforge.common.ModConfigSpec/CORE]: Incorrect key general.logUntranslatedItemTagWarnings was corrected from null to its default, SILENCED. 
[09Aug2024 22:31:47.183] [Render thread/WARN] [net.neoforged.neoforge.common.ModConfigSpec/CORE]: Incorrect key general.logLegacyTagWarnings was corrected from null to its default, DEV_SHORT. 
[09Aug2024 22:31:48.139] [Render thread/WARN] [net.minecraft.client.sounds.SoundEngine/]: Missing sound for event: minecraft:item.goat_horn.play
[09Aug2024 22:31:48.140] [Render thread/WARN] [net.minecraft.client.sounds.SoundEngine/]: Missing sound for event: minecraft:entity.goat.screaming.horn_break
[09Aug2024 22:31:48.172] [Render thread/INFO] [com.mojang.blaze3d.audio.Library/]: OpenAL initialized on device OpenAL Soft on Speakers (HyperX Quadcast)
[09Aug2024 22:31:48.173] [Render thread/INFO] [net.minecraft.client.sounds.SoundEngine/SOUNDS]: Sound engine started
[09Aug2024 22:31:48.257] [Render thread/INFO] [net.minecraft.client.renderer.texture.TextureAtlas/]: Created: 1024x512x4 minecraft:textures/atlas/blocks.png-atlas
[09Aug2024 22:31:48.264] [Render thread/INFO] [net.minecraft.client.renderer.texture.TextureAtlas/]: Created: 256x256x4 minecraft:textures/atlas/signs.png-atlas
[09Aug2024 22:31:48.264] [Render thread/INFO] [net.minecraft.client.renderer.texture.TextureAtlas/]: Created: 512x512x4 minecraft:textures/atlas/shield_patterns.png-atlas
[09Aug2024 22:31:48.265] [Render thread/INFO] [net.minecraft.client.renderer.texture.TextureAtlas/]: Created: 512x512x4 minecraft:textures/atlas/banner_patterns.png-atlas
[09Aug2024 22:31:48.265] [Render thread/INFO] [net.minecraft.client.renderer.texture.TextureAtlas/]: Created: 1024x1024x4 minecraft:textures/atlas/armor_trims.png-atlas
[09Aug2024 22:31:48.267] [Render thread/INFO] [net.minecraft.client.renderer.texture.TextureAtlas/]: Created: 128x64x4 minecraft:textures/atlas/decorated_pot.png-atlas
[09Aug2024 22:31:48.267] [Render thread/INFO] [net.minecraft.client.renderer.texture.TextureAtlas/]: Created: 256x256x4 minecraft:textures/atlas/chest.png-atlas
[09Aug2024 22:31:48.268] [Render thread/INFO] [net.minecraft.client.renderer.texture.TextureAtlas/]: Created: 512x256x4 minecraft:textures/atlas/shulker_boxes.png-atlas
[09Aug2024 22:31:48.268] [Render thread/INFO] [net.minecraft.client.renderer.texture.TextureAtlas/]: Created: 512x256x4 minecraft:textures/atlas/beds.png-atlas
[09Aug2024 22:31:48.394] [Render thread/INFO] [net.minecraft.client.renderer.texture.TextureAtlas/]: Created: 512x256x0 minecraft:textures/atlas/particles.png-atlas
[09Aug2024 22:31:48.395] [Render thread/INFO] [net.minecraft.client.renderer.texture.TextureAtlas/]: Created: 512x256x0 minecraft:textures/atlas/paintings.png-atlas
[09Aug2024 22:31:48.395] [Render thread/INFO] [net.minecraft.client.renderer.texture.TextureAtlas/]: Created: 256x128x0 minecraft:textures/atlas/mob_effects.png-atlas
[09Aug2024 22:31:48.395] [Render thread/INFO] [net.minecraft.client.renderer.texture.TextureAtlas/]: Created: 64x64x0 minecraft:textures/atlas/map_decorations.png-atlas
[09Aug2024 22:31:48.395] [Render thread/INFO] [net.minecraft.client.renderer.texture.TextureAtlas/]: Created: 1024x512x0 minecraft:textures/atlas/gui.png-atlas
[09Aug2024 22:31:48.412] [Render thread/WARN] [net.minecraft.client.renderer.ShaderInstance/]: Shader rendertype_entity_translucent_emissive could not find sampler named Sampler2 in the specified shader program.
[09Aug2024 22:32:09.680] [Render thread/INFO] [net.minecraft.world.item.crafting.RecipeManager/]: Loaded 1290 recipes
[09Aug2024 22:32:09.845] [Render thread/INFO] [net.minecraft.advancements.AdvancementTree/]: Loaded 1399 advancements
[09Aug2024 22:32:12.001] [Server thread/INFO] [net.minecraft.client.server.IntegratedServer/]: Starting integrated minecraft server version 1.21
[09Aug2024 22:32:12.001] [Server thread/INFO] [net.minecraft.server.MinecraftServer/]: Generating keypair
[09Aug2024 22:32:12.050] [Server thread/WARN] [net.neoforged.neoforge.common.ModConfigSpec/CORE]: Configuration file D:\bandits mod development\flash_flood_arch\neoforge\run\config\neoforge-server.toml is not correct. Correcting
[09Aug2024 22:32:12.051] [Server thread/WARN] [net.neoforged.neoforge.common.ModConfigSpec/CORE]: Incorrect key server was corrected from null to its default, SimpleCommentedConfig:{}. 
[09Aug2024 22:32:12.051] [Server thread/WARN] [net.neoforged.neoforge.common.ModConfigSpec/CORE]: Incorrect key server.removeErroringBlockEntities was corrected from null to its default, false. 
[09Aug2024 22:32:12.051] [Server thread/WARN] [net.neoforged.neoforge.common.ModConfigSpec/CORE]: Incorrect key server.removeErroringEntities was corrected from null to its default, false. 
[09Aug2024 22:32:12.051] [Server thread/WARN] [net.neoforged.neoforge.common.ModConfigSpec/CORE]: Incorrect key server.fullBoundingBoxLadders was corrected from null to its default, false. 
[09Aug2024 22:32:12.051] [Server thread/WARN] [net.neoforged.neoforge.common.ModConfigSpec/CORE]: Incorrect key server.permissionHandler was corrected from null to its default, neoforge:default_handler. 
[09Aug2024 22:32:12.051] [Server thread/WARN] [net.neoforged.neoforge.common.ModConfigSpec/CORE]: Incorrect key server.advertiseDedicatedServerToLan was corrected from null to its default, true. 
[09Aug2024 22:32:14.179] [Server thread/INFO] [net.minecraft.server.MinecraftServer/]: Preparing start region for dimension minecraft:overworld
[09Aug2024 22:32:14.208] [progressListener/INFO] [net.minecraft.server.level.progress.LoggerChunkProgressListener/]: Preparing spawn area: 2%
[09Aug2024 22:32:14.707] [progressListener/INFO] [net.minecraft.server.level.progress.LoggerChunkProgressListener/]: Preparing spawn area: 2%
[09Aug2024 22:32:15.208] [progressListener/INFO] [net.minecraft.server.level.progress.LoggerChunkProgressListener/]: Preparing spawn area: 18%
[09Aug2024 22:32:15.705] [progressListener/INFO] [net.minecraft.server.level.progress.LoggerChunkProgressListener/]: Preparing spawn area: 51%
[09Aug2024 22:32:15.897] [Server thread/INFO] [net.neoforged.neoforge.server.permission.PermissionAPI/]: Successfully initialized permission handler neoforge:default_handler
[09Aug2024 22:32:15.904] [progressListener/INFO] [net.minecraft.server.level.progress.LoggerChunkProgressListener/]: Time elapsed: 1713 ms
[09Aug2024 22:32:15.928] [Server thread/INFO] [net.minecraft.client.server.IntegratedServer/]: Changing view distance to 12, from 10
[09Aug2024 22:32:15.928] [Server thread/INFO] [net.minecraft.client.server.IntegratedServer/]: Changing simulation distance to 12, from 0
[09Aug2024 22:32:16.474] [Server thread/INFO] [net.minecraft.server.players.PlayerList/]: Dev[local:E:d669da5a] logged in with entity id 5 at (-4.5, 78.0, -0.5)
[09Aug2024 22:32:16.524] [Server thread/INFO] [net.minecraft.server.MinecraftServer/]: Dev joined the game
[09Aug2024 22:32:16.642] [Render thread/INFO] [net.minecraft.advancements.AdvancementTree/]: Loaded 2 advancements
[09Aug2024 22:32:17.000] [Server thread/INFO] [net.minecraft.client.server.IntegratedServer/]: Saving and pausing game...
[09Aug2024 22:32:17.044] [Server thread/INFO] [net.minecraft.server.MinecraftServer/]: Saving chunks for level 'ServerLevel[New World]'/minecraft:overworld
[09Aug2024 22:32:17.097] [Server thread/INFO] [net.minecraft.server.MinecraftServer/]: Saving chunks for level 'ServerLevel[New World]'/minecraft:the_end
[09Aug2024 22:32:17.177] [Server thread/INFO] [net.minecraft.server.MinecraftServer/]: Saving chunks for level 'ServerLevel[New World]'/minecraft:the_nether
[09Aug2024 22:32:47.898] [Server thread/INFO] [net.minecraft.server.MinecraftServer/]: [Dev: Set the weather to rain]
[09Aug2024 22:32:47.904] [Render thread/INFO] [net.minecraft.client.gui.components.ChatComponent/]: [System] [CHAT] Set the weather to rain
[09Aug2024 22:33:24.098] [Server thread/INFO] [net.minecraft.client.server.IntegratedServer/]: Saving and pausing game...
[09Aug2024 22:33:24.125] [Server thread/INFO] [net.minecraft.server.MinecraftServer/]: Saving chunks for level 'ServerLevel[New World]'/minecraft:overworld
[09Aug2024 22:33:24.212] [Server thread/INFO] [net.minecraft.server.MinecraftServer/]: Saving chunks for level 'ServerLevel[New World]'/minecraft:the_end
[09Aug2024 22:33:24.380] [Server thread/INFO] [net.minecraft.server.MinecraftServer/]: Saving chunks for level 'ServerLevel[New World]'/minecraft:the_nether
[09Aug2024 22:33:25.179] [Render thread/INFO] [net.minecraft.client.Minecraft/]: Stopping!
[09Aug2024 22:33:25.207] [Server thread/INFO] [net.minecraft.server.network.ServerGamePacketListenerImpl/]: Dev lost connection: Disconnected
[09Aug2024 22:33:25.208] [Server thread/INFO] [net.minecraft.server.MinecraftServer/]: Dev left the game
[09Aug2024 22:33:25.351] [Server thread/INFO] [net.minecraft.server.network.ServerCommonPacketListenerImpl/]: Stopping singleplayer server as player logged out
[09Aug2024 22:33:25.360] [Server thread/INFO] [net.minecraft.server.MinecraftServer/]: Stopping server
[09Aug2024 22:33:25.360] [Server thread/INFO] [net.minecraft.server.MinecraftServer/]: Saving players
[09Aug2024 22:33:25.360] [Server thread/INFO] [net.minecraft.server.MinecraftServer/]: Saving worlds
[09Aug2024 22:33:35.520] [Server thread/INFO] [net.minecraft.server.MinecraftServer/]: Saving chunks for level 'ServerLevel[New World]'/minecraft:overworld
